[2019-08-02 12:01:27.104] [exthost] [info] extension host started
[2019-08-02 12:01:27.118] [exthost] [info] ExtensionService#_doActivateExtension vscode.debug-auto-launch {"startup":true,"activationEvent":"*"}
[2019-08-02 12:01:27.118] [exthost] [info] ExtensionService#loadCommonJSModule /usr/share/code/resources/app/extensions/debug-auto-launch/dist/extension
[2019-08-02 12:01:27.121] [exthost] [info] ExtensionService#_doActivateExtension vscode.emmet {"startup":true,"activationEvent":"*"}
[2019-08-02 12:01:27.121] [exthost] [info] ExtensionService#loadCommonJSModule /usr/share/code/resources/app/extensions/emmet/dist/extension
[2019-08-02 12:01:27.140] [exthost] [info] ExtensionService#_doActivateExtension vscode.git {"startup":true,"activationEvent":"*"}
[2019-08-02 12:01:27.140] [exthost] [info] ExtensionService#loadCommonJSModule /usr/share/code/resources/app/extensions/git/dist/main
[2019-08-02 12:01:27.295] [exthost] [info] ExtensionService#_doActivateExtension vscode.merge-conflict {"startup":true,"activationEvent":"*"}
[2019-08-02 12:01:27.295] [exthost] [info] ExtensionService#loadCommonJSModule /usr/share/code/resources/app/extensions/merge-conflict/dist/extension
[2019-08-02 12:01:27.309] [exthost] [info] ExtensionService#_doActivateExtension bestvow.css-compressor {"startup":true,"activationEvent":"*"}
[2019-08-02 12:01:27.309] [exthost] [info] ExtensionService#loadCommonJSModule /home/logicalangel/.vscode/extensions/bestvow.css-compressor-0.0.2/out/extension
[2019-08-02 12:01:39.158] [exthost] [info] ExtensionService#_doActivateExtension dbaeumer.vscode-eslint {"startup":true,"activationEvent":"*"}
[2019-08-02 12:01:39.158] [exthost] [info] ExtensionService#loadCommonJSModule /home/logicalangel/.vscode/extensions/dbaeumer.vscode-eslint-1.9.0/client/out/extension
[2019-08-02 12:01:39.199] [exthost] [info] ExtensionService#_doActivateExtension HookyQR.beautify {"startup":true,"activationEvent":"*"}
[2019-08-02 12:01:39.199] [exthost] [info] ExtensionService#loadCommonJSModule /home/logicalangel/.vscode/extensions/hookyqr.beautify-1.5.0/extension
[2019-08-02 12:01:39.234] [exthost] [info] ExtensionService#_doActivateExtension ms-vscode.cpptools {"startup":true,"activationEvent":"*"}
[2019-08-02 12:01:39.234] [exthost] [info] ExtensionService#loadCommonJSModule /home/logicalangel/.vscode/extensions/ms-vscode.cpptools-0.24.1/dist/main
[2019-08-02 12:01:39.489] [exthost] [info] eager extensions activated
[2019-08-02 12:02:00.589] [exthost] [info] extension host started
[2019-08-02 12:02:00.611] [exthost] [info] ExtensionService#_doActivateExtension vscode.debug-auto-launch {"startup":true,"activationEvent":"*"}
[2019-08-02 12:02:00.611] [exthost] [info] ExtensionService#loadCommonJSModule /usr/share/code/resources/app/extensions/debug-auto-launch/dist/extension
[2019-08-02 12:02:00.614] [exthost] [info] ExtensionService#_doActivateExtension vscode.emmet {"startup":true,"activationEvent":"*"}
[2019-08-02 12:02:00.614] [exthost] [info] ExtensionService#loadCommonJSModule /usr/share/code/resources/app/extensions/emmet/dist/extension
[2019-08-02 12:02:00.628] [exthost] [info] ExtensionService#_doActivateExtension vscode.git {"startup":true,"activationEvent":"*"}
[2019-08-02 12:02:00.628] [exthost] [info] ExtensionService#loadCommonJSModule /usr/share/code/resources/app/extensions/git/dist/main
[2019-08-02 12:02:00.710] [exthost] [info] ExtensionService#_doActivateExtension vscode.merge-conflict {"startup":true,"activationEvent":"*"}
[2019-08-02 12:02:00.710] [exthost] [info] ExtensionService#loadCommonJSModule /usr/share/code/resources/app/extensions/merge-conflict/dist/extension
[2019-08-02 12:02:00.714] [exthost] [info] ExtensionService#_doActivateExtension bestvow.css-compressor {"startup":true,"activationEvent":"*"}
[2019-08-02 12:02:00.714] [exthost] [info] ExtensionService#loadCommonJSModule /home/logicalangel/.vscode/extensions/bestvow.css-compressor-0.0.2/out/extension
[2019-08-02 12:02:00.770] [exthost] [info] ExtensionService#_doActivateExtension dbaeumer.vscode-eslint {"startup":true,"activationEvent":"*"}
[2019-08-02 12:02:00.770] [exthost] [info] ExtensionService#loadCommonJSModule /home/logicalangel/.vscode/extensions/dbaeumer.vscode-eslint-1.9.0/client/out/extension
[2019-08-02 12:02:00.801] [exthost] [info] ExtensionService#_doActivateExtension HookyQR.beautify {"startup":true,"activationEvent":"*"}
[2019-08-02 12:02:00.801] [exthost] [info] ExtensionService#loadCommonJSModule /home/logicalangel/.vscode/extensions/hookyqr.beautify-1.5.0/extension
[2019-08-02 12:02:00.836] [exthost] [info] ExtensionService#_doActivateExtension ms-vscode.cpptools {"startup":true,"activationEvent":"*"}
[2019-08-02 12:02:00.836] [exthost] [info] ExtensionService#loadCommonJSModule /home/logicalangel/.vscode/extensions/ms-vscode.cpptools-0.24.1/dist/main
[2019-08-02 12:02:03.651] [exthost] [info] ExtensionService#_doActivateExtension 766b.go-outliner {"startup":true,"activationEvent":"workspaceContains:**/*.go"}
[2019-08-02 12:02:03.651] [exthost] [info] ExtensionService#loadCommonJSModule /home/logicalangel/.vscode/extensions/766b.go-outliner-0.1.20/out/extension
[2019-08-02 12:02:03.919] [exthost] [info] eager extensions activated
[2019-08-02 12:02:10.129] [exthost] [info] ExtensionService#_doActivateExtension ms-vscode.Go {"startup":false,"activationEvent":"onLanguage:go"}
[2019-08-02 12:02:10.129] [exthost] [info] ExtensionService#loadCommonJSModule /home/logicalangel/.vscode/extensions/ms-vscode.go-0.11.4/out/src/goMain
[2019-08-02 12:20:31.692] [exthost] [error] [ms-vscode.Go] provider FAILED
[2019-08-02 12:20:31.692] [exthost] [error] Check the console in dev tools to find errors when formatting.
[2019-08-02 12:20:41.385] [exthost] [error] [ms-vscode.Go] provider FAILED
[2019-08-02 12:20:41.385] [exthost] [error] Check the console in dev tools to find errors when formatting.
[2019-08-02 12:20:42.249] [exthost] [error] [ms-vscode.Go] provider FAILED
[2019-08-02 12:20:42.249] [exthost] [error] Check the console in dev tools to find errors when formatting.
[2019-08-02 12:20:43.040] [exthost] [error] [ms-vscode.Go] provider FAILED
[2019-08-02 12:20:43.040] [exthost] [error] Check the console in dev tools to find errors when formatting.
[2019-08-02 12:51:34.966] [exthost] [error] [ms-vscode.Go] provider FAILED
[2019-08-02 12:51:34.966] [exthost] [error] Check the console in dev tools to find errors when formatting.
[2019-08-02 12:51:47.788] [exthost] [error] [ms-vscode.Go] provider FAILED
[2019-08-02 12:51:47.788] [exthost] [error] Check the console in dev tools to find errors when formatting.
[2019-08-02 12:51:51.095] [exthost] [error] [ms-vscode.Go] provider FAILED
[2019-08-02 12:51:51.095] [exthost] [error] Check the console in dev tools to find errors when formatting.
[2019-08-02 12:51:51.400] [exthost] [error] [ms-vscode.Go] provider FAILED
[2019-08-02 12:51:51.400] [exthost] [error] Check the console in dev tools to find errors when formatting.
[2019-08-02 12:52:08.682] [exthost] [error] [ms-vscode.Go] provider FAILED
[2019-08-02 12:52:08.682] [exthost] [error] Check the console in dev tools to find errors when formatting.
[2019-08-02 12:52:21.786] [exthost] [error] [ms-vscode.Go] provider FAILED
[2019-08-02 12:52:21.786] [exthost] [error] Check the console in dev tools to find errors when formatting.
