Starting linting the current package at /home/logicalangel/go/src/gsm/protocol
Starting "go vet" under the folder /home/logicalangel/go/src/gsm/protocol
Starting building the current package at /home/logicalangel/go/src/gsm/protocol
/home/logicalangel/go/src/gsm/protocol>Finished running tool: /usr/bin/go build -i -o /tmp/vscode-goRYeCy4/go-code-check gsm/protocol
/home/logicalangel/go/src/gsm/protocol/setup.go:8: syntax error: unexpected newline, expecting type
/home/logicalangel/go/src/gsm/protocol/setup.go:10: syntax error: unexpected func after top level declaration

/home/logicalangel/go/src/gsm/protocol>Finished running tool: /usr/bin/go vet ./...
/home/logicalangel/go/src/gsm/protocol/setup.go:8: syntax error: unexpected newline, expecting type
/home/logicalangel/go/src/gsm/protocol/setup.go:10: syntax error: unexpected func after top level declaration

Installing 1 tool at /home/logicalangel/go/bin
  go-outline

Installing github.com/ramya-rao-a/go-outline FAILED

1 tools failed to install.

go-outline:
Error: Command failed: /usr/bin/go get -u -v github.com/ramya-rao-a/go-outline
github.com/ramya-rao-a/go-outline (download)
Fetching https://golang.org/x/tools/go/buildutil?go-get=1
Parsing meta tags from https://golang.org/x/tools/go/buildutil?go-get=1 (status code 200)
get "golang.org/x/tools/go/buildutil": found meta tag get.metaImport{Prefix:"golang.org/x/tools", VCS:"git", RepoRoot:"https://go.googlesource.com/tools"} at https://golang.org/x/tools/go/buildutil?go-get=1
get "golang.org/x/tools/go/buildutil": verifying non-authoritative meta tag
Fetching https://golang.org/x/tools?go-get=1
Parsing meta tags from https://golang.org/x/tools?go-get=1 (status code 200)
golang.org/x/tools (download)
# cd .; git clone https://go.googlesource.com/tools /home/logicalangel/go/src/golang.org/x/tools
Cloning into '/home/logicalangel/go/src/golang.org/x/tools'...
error: RPC failed; curl 56 GnuTLS recv error (-54): Error in the pull function.
fatal: The remote end hung up unexpectedly
fatal: early EOF
fatal: index-pack failed
package golang.org/x/tools/go/buildutil: exit status 128
github.com/ramya-rao-a/go-outline (download)
Fetching https://golang.org/x/tools/go/buildutil?go-get=1
Parsing meta tags from https://golang.org/x/tools/go/buildutil?go-get=1 (status code 200)
get "golang.org/x/tools/go/buildutil": found meta tag get.metaImport{Prefix:"golang.org/x/tools", VCS:"git", RepoRoot:"https://go.googlesource.com/tools"} at https://golang.org/x/tools/go/buildutil?go-get=1
get "golang.org/x/tools/go/buildutil": verifying non-authoritative meta tag
Fetching https://golang.org/x/tools?go-get=1
Parsing meta tags from https://golang.org/x/tools?go-get=1 (status code 200)
golang.org/x/tools (download)
# cd .; git clone https://go.googlesource.com/tools /home/logicalangel/go/src/golang.org/x/tools
Cloning into '/home/logicalangel/go/src/golang.org/x/tools'...
error: RPC failed; curl 56 GnuTLS recv error (-54): Error in the pull function.
fatal: The remote end hung up unexpectedly
fatal: early EOF
fatal: index-pack failed
package golang.org/x/tools/go/buildutil: exit status 128

Starting linting the current package at /home/logicalangel/go/src/gsm/protocol
Starting "go vet" under the folder /home/logicalangel/go/src/gsm/protocol
Starting building the current package at /home/logicalangel/go/src/gsm/protocol
/home/logicalangel/go/src/gsm/protocol>Finished running tool: /usr/bin/go vet ./...
/home/logicalangel/go/src/gsm/protocol/setup.go:8: syntax error: unexpected newline, expecting type
/home/logicalangel/go/src/gsm/protocol/setup.go:10: syntax error: unexpected func after top level declaration

/home/logicalangel/go/src/gsm/protocol>Finished running tool: /usr/bin/go build -i -o /tmp/vscode-goRYeCy4/go-code-check gsm/protocol
/home/logicalangel/go/src/gsm/protocol/setup.go:8: syntax error: unexpected newline, expecting type
/home/logicalangel/go/src/gsm/protocol/setup.go:10: syntax error: unexpected func after top level declaration

Installing 1 tool at /home/logicalangel/go/bin
  godef

Installing github.com/rogpeppe/godef SUCCEEDED

All tools successfully installed. You're ready to Go :).
Starting linting the current package at /home/logicalangel/go/src/gsm/protocol
Starting "go vet" under the folder /home/logicalangel/go/src/gsm/protocol
Starting building the current package at /home/logicalangel/go/src/gsm/protocol
/home/logicalangel/go/src/gsm/protocol>Finished running tool: /usr/bin/go vet ./...
/home/logicalangel/go/src/gsm/protocol/setup.go:8: syntax error: unexpected newline, expecting type
/home/logicalangel/go/src/gsm/protocol/setup.go:9: syntax error: unexpected endpoint after top level declaration

/home/logicalangel/go/src/gsm/protocol>Finished running tool: /usr/bin/go build -i -o /tmp/vscode-goRYeCy4/go-code-check gsm/protocol
/home/logicalangel/go/src/gsm/protocol/setup.go:8: syntax error: unexpected newline, expecting type
/home/logicalangel/go/src/gsm/protocol/setup.go:9: syntax error: unexpected endpoint after top level declaration

Starting linting the current package at /home/logicalangel/go/src/gsm/protocol
Starting "go vet" under the folder /home/logicalangel/go/src/gsm/protocol
Starting building the current package at /home/logicalangel/go/src/gsm/protocol
/home/logicalangel/go/src/gsm/protocol>Finished running tool: /usr/bin/go build -i -o /tmp/vscode-goRYeCy4/go-code-check gsm/protocol
/home/logicalangel/go/src/gsm/protocol/setup.go:8: syntax error: unexpected :=, expecting type

/home/logicalangel/go/src/gsm/protocol>Finished running tool: /usr/bin/go vet ./...
/home/logicalangel/go/src/gsm/protocol/setup.go:8: syntax error: unexpected :=, expecting type

Starting linting the current package at /home/logicalangel/go/src/gsm/protocol
Starting "go vet" under the folder /home/logicalangel/go/src/gsm/protocol
Starting building the current package at /home/logicalangel/go/src/gsm/protocol
/home/logicalangel/go/src/gsm/protocol>Finished running tool: /usr/bin/go build -i -o /tmp/vscode-goRYeCy4/go-code-check gsm/protocol
/home/logicalangel/go/src/gsm/protocol/setup.go:30: syntax error: unexpected EOF, expecting name or (

/home/logicalangel/go/src/gsm/protocol>Finished running tool: /usr/bin/go vet ./...
/home/logicalangel/go/src/gsm/protocol/setup.go:30: syntax error: unexpected EOF, expecting name or (

Starting linting the current package at /home/logicalangel/go/src/gsm/protocol
Starting "go vet" under the folder /home/logicalangel/go/src/gsm/protocol
Starting building the current package at /home/logicalangel/go/src/gsm/protocol
/home/logicalangel/go/src/gsm/protocol>Finished running tool: /usr/bin/go build -i -o /tmp/vscode-goRYeCy4/go-code-check gsm/protocol
/home/logicalangel/go/src/gsm/protocol/setup.go:8: syntax error: unexpected newline, expecting type
/home/logicalangel/go/src/gsm/protocol/setup.go:9: syntax error: unexpected var after top level declaration

/home/logicalangel/go/src/gsm/protocol>Finished running tool: /usr/bin/go vet ./...
/home/logicalangel/go/src/gsm/protocol/setup.go:8: syntax error: unexpected newline, expecting type
/home/logicalangel/go/src/gsm/protocol/setup.go:9: syntax error: unexpected var after top level declaration

Starting linting the current package at /home/logicalangel/go/src/gsm/protocol
Starting "go vet" under the folder /home/logicalangel/go/src/gsm/protocol
Starting building the current package at /home/logicalangel/go/src/gsm/protocol
/home/logicalangel/go/src/gsm/protocol>Finished running tool: /usr/bin/go vet ./...
/home/logicalangel/go/src/gsm/protocol/setup.go:30: syntax error: unexpected EOF, expecting name or (

/home/logicalangel/go/src/gsm/protocol>Finished running tool: /usr/bin/go build -i -o /tmp/vscode-goRYeCy4/go-code-check gsm/protocol
/home/logicalangel/go/src/gsm/protocol/setup.go:30: syntax error: unexpected EOF, expecting name or (

Starting linting the current package at /home/logicalangel/go/src/gsm
Starting "go vet" under the folder /home/logicalangel/go/src/gsm
Starting building the current package at /home/logicalangel/go/src/gsm
/home/logicalangel/go/src/gsm>Finished running tool: /usr/bin/go build -i -o /tmp/vscode-goRYeCy4/go-code-check gsm

/home/logicalangel/go/src/gsm>Finished running tool: /usr/bin/go vet ./...
/home/logicalangel/go/src/gsm/protocol/setup.go:30: syntax error: unexpected EOF, expecting name or (

Starting linting the current package at /home/logicalangel/go/src/gsm
Starting "go vet" under the folder /home/logicalangel/go/src/gsm
Starting building the current package at /home/logicalangel/go/src/gsm
/home/logicalangel/go/src/gsm>Finished running tool: /usr/bin/go build -i -o /tmp/vscode-goRYeCy4/go-code-check gsm

/home/logicalangel/go/src/gsm>Finished running tool: /usr/bin/go vet ./...
/home/logicalangel/go/src/gsm/protocol/setup.go:30: syntax error: unexpected EOF, expecting name or (

Starting linting the current package at /home/logicalangel/go/src/gsm/protocol
Starting "go vet" under the folder /home/logicalangel/go/src/gsm/protocol
Starting building the current package at /home/logicalangel/go/src/gsm/protocol
/home/logicalangel/go/src/gsm/protocol>Finished running tool: /usr/bin/go build -i -o /tmp/vscode-goRYeCy4/go-code-check gsm/protocol
/home/logicalangel/go/src/gsm/protocol/setup.go:22: undefined: input
/home/logicalangel/go/src/gsm/protocol/setup.go:23: undefined: conn
/home/logicalangel/go/src/gsm/protocol/setup.go:23: undefined: input

/home/logicalangel/go/src/gsm/protocol>Finished running tool: /usr/bin/go vet ./...
/home/logicalangel/go/src/gsm/protocol/setup.go:22: undefined: input
/home/logicalangel/go/src/gsm/protocol/setup.go:23: undefined: conn
/home/logicalangel/go/src/gsm/protocol/setup.go:23: undefined: input

Starting linting the current package at /home/logicalangel/go/src/gsm
Starting "go vet" under the folder /home/logicalangel/go/src/gsm
Starting building the current package at /home/logicalangel/go/src/gsm
/home/logicalangel/go/src/gsm>Finished running tool: /usr/bin/go build -i -o /tmp/vscode-goRYeCy4/go-code-check gsm
/home/logicalangel/go/src/gsm/main.go:9: undefined: protocol

/home/logicalangel/go/src/gsm>Finished running tool: /usr/bin/go vet ./...
/home/logicalangel/go/src/gsm/main.go:9: undefined: protocol
/home/logicalangel/go/src/gsm/protocol/setup.go:22: undefined: input
/home/logicalangel/go/src/gsm/protocol/setup.go:23: undefined: conn
/home/logicalangel/go/src/gsm/protocol/setup.go:23: undefined: input

Starting linting the current package at /home/logicalangel/go/src/gsm
Starting "go vet" under the folder /home/logicalangel/go/src/gsm
Starting building the current package at /home/logicalangel/go/src/gsm
/home/logicalangel/go/src/gsm>Finished running tool: /usr/bin/go build -i -o /tmp/vscode-goRYeCy4/go-code-check gsm
/home/logicalangel/go/src/gsm/main.go:9: undefined: protocol

/home/logicalangel/go/src/gsm>Finished running tool: /usr/bin/go vet ./...
/home/logicalangel/go/src/gsm/main.go:9: undefined: protocol
/home/logicalangel/go/src/gsm/protocol/setup.go:22: undefined: input
/home/logicalangel/go/src/gsm/protocol/setup.go:23: undefined: conn
/home/logicalangel/go/src/gsm/protocol/setup.go:23: undefined: input

Starting linting the current package at /home/logicalangel/go/src/gsm
Starting "go vet" under the folder /home/logicalangel/go/src/gsm
Starting building the current package at /home/logicalangel/go/src/gsm
/home/logicalangel/go/src/gsm>Finished running tool: /usr/bin/go vet ./...
/home/logicalangel/go/src/gsm/main.go:9: undefined: protocol
/home/logicalangel/go/src/gsm/protocol/setup.go:22: undefined: input
/home/logicalangel/go/src/gsm/protocol/setup.go:23: undefined: conn
/home/logicalangel/go/src/gsm/protocol/setup.go:23: undefined: input

/home/logicalangel/go/src/gsm>Finished running tool: /usr/bin/go build -i -o /tmp/vscode-goRYeCy4/go-code-check gsm
/home/logicalangel/go/src/gsm/main.go:9: undefined: protocol

Starting linting the current package at /home/logicalangel/go/src/gsm/protocol
Starting "go vet" under the folder /home/logicalangel/go/src/gsm/protocol
Starting building the current package at /home/logicalangel/go/src/gsm/protocol
/home/logicalangel/go/src/gsm/protocol>Finished running tool: /usr/bin/go build -i -o /tmp/vscode-goRYeCy4/go-code-check gsm/protocol
/home/logicalangel/go/src/gsm/protocol/setup.go:22: undefined: input
/home/logicalangel/go/src/gsm/protocol/setup.go:23: undefined: conn
/home/logicalangel/go/src/gsm/protocol/setup.go:23: undefined: input

/home/logicalangel/go/src/gsm/protocol>Finished running tool: /usr/bin/go vet ./...
/home/logicalangel/go/src/gsm/protocol/setup.go:22: undefined: input
/home/logicalangel/go/src/gsm/protocol/setup.go:23: undefined: conn
/home/logicalangel/go/src/gsm/protocol/setup.go:23: undefined: input

Starting linting the current package at /home/logicalangel/go/src/gsm/protocol
Starting "go vet" under the folder /home/logicalangel/go/src/gsm/protocol
Starting building the current package at /home/logicalangel/go/src/gsm/protocol
/home/logicalangel/go/src/gsm/protocol>Finished running tool: /usr/bin/go vet ./...
/home/logicalangel/go/src/gsm/protocol/setup.go:23: undefined: conn

/home/logicalangel/go/src/gsm/protocol>Finished running tool: /usr/bin/go build -i -o /tmp/vscode-goRYeCy4/go-code-check gsm/protocol
/home/logicalangel/go/src/gsm/protocol/setup.go:23: undefined: conn

Starting linting the current package at /home/logicalangel/go/src/gsm
Starting "go vet" under the folder /home/logicalangel/go/src/gsm
Starting building the current package at /home/logicalangel/go/src/gsm
/home/logicalangel/go/src/gsm>Finished running tool: /usr/bin/go vet ./...
/home/logicalangel/go/src/gsm/main.go:9: undefined: protocol
/home/logicalangel/go/src/gsm/protocol/setup.go:23: undefined: conn

/home/logicalangel/go/src/gsm>Finished running tool: /usr/bin/go build -i -o /tmp/vscode-goRYeCy4/go-code-check gsm
/home/logicalangel/go/src/gsm/main.go:9: undefined: protocol

Starting linting the current package at /home/logicalangel/go/src/gsm
Starting "go vet" under the folder /home/logicalangel/go/src/gsm
Starting building the current package at /home/logicalangel/go/src/gsm
/home/logicalangel/go/src/gsm>Finished running tool: /usr/bin/go vet ./...
/home/logicalangel/go/src/gsm/main.go:9: undefined: protocol
/home/logicalangel/go/src/gsm/protocol/setup.go:23: undefined: conn

/home/logicalangel/go/src/gsm>Finished running tool: /usr/bin/go build -i -o /tmp/vscode-goRYeCy4/go-code-check gsm
/home/logicalangel/go/src/gsm/main.go:9: undefined: protocol

Starting linting the current package at /home/logicalangel/go/src/gsm
Starting "go vet" under the folder /home/logicalangel/go/src/gsm
Starting building the current package at /home/logicalangel/go/src/gsm
/home/logicalangel/go/src/gsm>Finished running tool: /usr/bin/go build -i -o /tmp/vscode-goRYeCy4/go-code-check gsm
/home/logicalangel/go/src/gsm/main.go:9: undefined: protocol

/home/logicalangel/go/src/gsm>Finished running tool: /usr/bin/go vet ./...
/home/logicalangel/go/src/gsm/main.go:9: undefined: protocol
/home/logicalangel/go/src/gsm/protocol/setup.go:23: undefined: conn

Starting linting the current package at /home/logicalangel/go/src/gsm
Starting "go vet" under the folder /home/logicalangel/go/src/gsm
Starting building the current package at /home/logicalangel/go/src/gsm
/home/logicalangel/go/src/gsm>Finished running tool: /usr/bin/go build -i -o /tmp/vscode-goRYeCy4/go-code-check gsm
/home/logicalangel/go/src/gsm/main.go:9: undefined: protocol

/home/logicalangel/go/src/gsm>Finished running tool: /usr/bin/go vet ./...
/home/logicalangel/go/src/gsm/main.go:9: undefined: protocol
/home/logicalangel/go/src/gsm/protocol/setup.go:23: undefined: conn

Starting linting the current package at /home/logicalangel/go/src/gsm
Starting "go vet" under the folder /home/logicalangel/go/src/gsm
Starting building the current package at /home/logicalangel/go/src/gsm
/home/logicalangel/go/src/gsm>Finished running tool: /usr/bin/go build -i -o /tmp/vscode-goRYeCy4/go-code-check gsm
/home/logicalangel/go/src/gsm/main.go:9: undefined: protocol

/home/logicalangel/go/src/gsm>Finished running tool: /usr/bin/go vet ./...
/home/logicalangel/go/src/gsm/main.go:9: undefined: protocol
/home/logicalangel/go/src/gsm/protocol/setup.go:23: undefined: conn

Starting linting the current package at /home/logicalangel/go/src/gsm
Starting "go vet" under the folder /home/logicalangel/go/src/gsm
Starting building the current package at /home/logicalangel/go/src/gsm
/home/logicalangel/go/src/gsm>Finished running tool: /usr/bin/go build -i -o /tmp/vscode-goRYeCy4/go-code-check gsm
/home/logicalangel/go/src/gsm/main.go:9: undefined: protocol

/home/logicalangel/go/src/gsm>Finished running tool: /usr/bin/go vet ./...
/home/logicalangel/go/src/gsm/main.go:9: undefined: protocol
/home/logicalangel/go/src/gsm/protocol/setup.go:23: undefined: conn

Starting linting the current package at /home/logicalangel/go/src/gsm
Starting "go vet" under the folder /home/logicalangel/go/src/gsm
Starting building the current package at /home/logicalangel/go/src/gsm
/home/logicalangel/go/src/gsm>Finished running tool: /usr/bin/go build -i -o /tmp/vscode-goRYeCy4/go-code-check gsm
/home/logicalangel/go/src/gsm/main.go:9: undefined: protocol

/home/logicalangel/go/src/gsm>Finished running tool: /usr/bin/go vet ./...
/home/logicalangel/go/src/gsm/main.go:9: undefined: protocol
/home/logicalangel/go/src/gsm/protocol/setup.go:23: undefined: conn

Starting linting the current package at /home/logicalangel/go/src/gsm
Starting "go vet" under the folder /home/logicalangel/go/src/gsm
Starting building the current package at /home/logicalangel/go/src/gsm
/home/logicalangel/go/src/gsm>Finished running tool: /usr/bin/go build -i -o /tmp/vscode-goRYeCy4/go-code-check gsm
/home/logicalangel/go/src/gsm/main.go:9: undefined: protocol

/home/logicalangel/go/src/gsm>Finished running tool: /usr/bin/go vet ./...
/home/logicalangel/go/src/gsm/main.go:9: undefined: protocol
/home/logicalangel/go/src/gsm/protocol/setup.go:23: undefined: conn

Starting linting the current package at /home/logicalangel/go/src/gsm
Starting "go vet" under the folder /home/logicalangel/go/src/gsm
Starting building the current package at /home/logicalangel/go/src/gsm
/home/logicalangel/go/src/gsm>Finished running tool: /usr/bin/go build -i -o /tmp/vscode-goRYeCy4/go-code-check gsm
/home/logicalangel/go/src/gsm/main.go:9: undefined: protocol

/home/logicalangel/go/src/gsm>Finished running tool: /usr/bin/go vet ./...
/home/logicalangel/go/src/gsm/main.go:9: undefined: protocol
/home/logicalangel/go/src/gsm/protocol/setup.go:23: undefined: conn

Starting linting the current package at /home/logicalangel/go/src/gsm
Starting "go vet" under the folder /home/logicalangel/go/src/gsm
Starting building the current package at /home/logicalangel/go/src/gsm
/home/logicalangel/go/src/gsm>Finished running tool: /usr/bin/go build -i -o /tmp/vscode-goRYeCy4/go-code-check gsm
/home/logicalangel/go/src/gsm/main.go:9: undefined: protocol

/home/logicalangel/go/src/gsm>Finished running tool: /usr/bin/go vet ./...
/home/logicalangel/go/src/gsm/main.go:9: undefined: protocol
/home/logicalangel/go/src/gsm/protocol/setup.go:23: undefined: conn

Starting linting the current package at /home/logicalangel/go/src/gsm
Starting "go vet" under the folder /home/logicalangel/go/src/gsm
Starting building the current package at /home/logicalangel/go/src/gsm
/home/logicalangel/go/src/gsm>Finished running tool: /usr/bin/go build -i -o /tmp/vscode-goRYeCy4/go-code-check gsm
/home/logicalangel/go/src/gsm/main.go:9: undefined: protocol

/home/logicalangel/go/src/gsm>Finished running tool: /usr/bin/go vet ./...
/home/logicalangel/go/src/gsm/main.go:9: undefined: protocol
/home/logicalangel/go/src/gsm/protocol/setup.go:23: undefined: conn

Starting linting the current package at /home/logicalangel/go/src/gsm/protocol
Starting "go vet" under the folder /home/logicalangel/go/src/gsm/protocol
Starting building the current package at /home/logicalangel/go/src/gsm/protocol
/home/logicalangel/go/src/gsm/protocol>Finished running tool: /usr/bin/go vet ./...
/home/logicalangel/go/src/gsm/protocol/setup.go:11: undefined: endpoint

/home/logicalangel/go/src/gsm/protocol>Finished running tool: /usr/bin/go build -i -o /tmp/vscode-goRYeCy4/go-code-check gsm/protocol
/home/logicalangel/go/src/gsm/protocol/setup.go:11: undefined: endpoint

Starting linting the current package at /home/logicalangel/go/src/gsm
Starting "go vet" under the folder /home/logicalangel/go/src/gsm
Starting building the current package at /home/logicalangel/go/src/gsm
/home/logicalangel/go/src/gsm>Finished running tool: /usr/bin/go build -i -o /tmp/vscode-goRYeCy4/go-code-check gsm
/home/logicalangel/go/src/gsm/main.go:9: undefined: protocol

/home/logicalangel/go/src/gsm>Finished running tool: /usr/bin/go vet ./...
/home/logicalangel/go/src/gsm/main.go:9: undefined: protocol
/home/logicalangel/go/src/gsm/protocol/setup.go:11: undefined: endpoint

Starting linting the current package at /home/logicalangel/go/src/gsm
Starting "go vet" under the folder /home/logicalangel/go/src/gsm
Starting building the current package at /home/logicalangel/go/src/gsm
/home/logicalangel/go/src/gsm>Finished running tool: /usr/bin/go build -i -o /tmp/vscode-goRYeCy4/go-code-check gsm
/home/logicalangel/go/src/gsm/main.go:9: undefined: protocol

/home/logicalangel/go/src/gsm>Finished running tool: /usr/bin/go vet ./...
/home/logicalangel/go/src/gsm/main.go:9: undefined: protocol
/home/logicalangel/go/src/gsm/protocol/setup.go:11: undefined: endpoint

Starting linting the current package at /home/logicalangel/go/src/gsm
Starting "go vet" under the folder /home/logicalangel/go/src/gsm
Starting building the current package at /home/logicalangel/go/src/gsm
/home/logicalangel/go/src/gsm>Finished running tool: /usr/bin/go build -i -o /tmp/vscode-goRYeCy4/go-code-check gsm
/home/logicalangel/go/src/gsm/main.go:9: undefined: protocol

/home/logicalangel/go/src/gsm>Finished running tool: /usr/bin/go vet ./...
/home/logicalangel/go/src/gsm/main.go:9: undefined: protocol
/home/logicalangel/go/src/gsm/protocol/setup.go:11: undefined: endpoint

Starting linting the current package at /home/logicalangel/go/src/gsm
Starting "go vet" under the folder /home/logicalangel/go/src/gsm
Starting building the current package at /home/logicalangel/go/src/gsm
/home/logicalangel/go/src/gsm>Finished running tool: /usr/bin/go build -i -o /tmp/vscode-goRYeCy4/go-code-check gsm
/home/logicalangel/go/src/gsm/main.go:9: undefined: protocol

/home/logicalangel/go/src/gsm>Finished running tool: /usr/bin/go vet ./...
/home/logicalangel/go/src/gsm/main.go:9: undefined: protocol
/home/logicalangel/go/src/gsm/protocol/setup.go:11: undefined: endpoint

Starting linting the current package at /home/logicalangel/go/src/gsm/protocol
Starting "go vet" under the folder /home/logicalangel/go/src/gsm/protocol
Starting building the current package at /home/logicalangel/go/src/gsm/protocol
/home/logicalangel/go/src/gsm/protocol>Finished running tool: /usr/bin/go build -i -o /tmp/vscode-goRYeCy4/go-code-check gsm/protocol
/home/logicalangel/go/src/gsm/protocol/setup.go:16: conn declared and not used

/home/logicalangel/go/src/gsm/protocol>Finished running tool: /usr/bin/go vet ./...
/home/logicalangel/go/src/gsm/protocol/setup.go:16: conn declared and not used

Starting linting the current package at /home/logicalangel/go/src/gsm/protocol
Starting "go vet" under the folder /home/logicalangel/go/src/gsm/protocol
Starting building the current package at /home/logicalangel/go/src/gsm/protocol
/home/logicalangel/go/src/gsm/protocol>Finished running tool: /usr/bin/go vet ./...
/home/logicalangel/go/src/gsm/protocol/setup.go:16: no new variables on left side of :=

/home/logicalangel/go/src/gsm/protocol>Finished running tool: /usr/bin/go build -i -o /tmp/vscode-goRYeCy4/go-code-check gsm/protocol
/home/logicalangel/go/src/gsm/protocol/setup.go:16: no new variables on left side of :=

Starting linting the current package at /home/logicalangel/go/src/gsm/protocol
Starting "go vet" under the folder /home/logicalangel/go/src/gsm/protocol
Starting building the current package at /home/logicalangel/go/src/gsm/protocol
/home/logicalangel/go/src/gsm/protocol>Finished running tool: /usr/bin/go vet ./...
/home/logicalangel/go/src/gsm/protocol/setup.go:21: no new variables on left side of :=
/home/logicalangel/go/src/gsm/protocol/setup.go:21: undefined: input

/home/logicalangel/go/src/gsm/protocol>Finished running tool: /usr/bin/go build -i -o /tmp/vscode-goRYeCy4/go-code-check gsm/protocol
/home/logicalangel/go/src/gsm/protocol/setup.go:21: no new variables on left side of :=
/home/logicalangel/go/src/gsm/protocol/setup.go:21: undefined: input

Starting linting the current package at /home/logicalangel/go/src/gsm/protocol
Starting "go vet" under the folder /home/logicalangel/go/src/gsm/protocol
Starting building the current package at /home/logicalangel/go/src/gsm/protocol
/home/logicalangel/go/src/gsm/protocol>Finished running tool: /usr/bin/go vet ./...
/home/logicalangel/go/src/gsm/protocol/setup.go:21: no new variables on left side of :=

/home/logicalangel/go/src/gsm/protocol>Finished running tool: /usr/bin/go build -i -o /tmp/vscode-goRYeCy4/go-code-check gsm/protocol
/home/logicalangel/go/src/gsm/protocol/setup.go:21: no new variables on left side of :=

